Epoch 1/70 | Loss: 2.3014 | Acc: 0.1156| lr = 0.0001
VALIDATION || Epoch 1/70 | Loss: 2.3002 | Acc: 0.1147| lr = 0.0001
Epoch 2/70 | Loss: 2.2997 | Acc: 0.1133| lr = 0.0001
VALIDATION || Epoch 2/70 | Loss: 2.2976 | Acc: 0.1147| lr = 0.0001
Epoch 3/70 | Loss: 2.2971 | Acc: 0.1180| lr = 0.0001
VALIDATION || Epoch 3/70 | Loss: 2.2926 | Acc: 0.1313| lr = 0.0001
Epoch 4/70 | Loss: 2.2904 | Acc: 0.1832| lr = 0.0001
VALIDATION || Epoch 4/70 | Loss: 2.2749 | Acc: 0.3098| lr = 0.0001
Epoch 5/70 | Loss: 2.2106 | Acc: 0.2375| lr = 0.0001
VALIDATION || Epoch 5/70 | Loss: 1.9154 | Acc: 0.2793| lr = 0.0001
Epoch 6/70 | Loss: 1.5139 | Acc: 0.4370| lr = 0.0001
VALIDATION || Epoch 6/70 | Loss: 0.7983 | Acc: 0.7327| lr = 0.0001
Epoch 7/70 | Loss: 0.5642 | Acc: 0.8136| lr = 0.0001
VALIDATION || Epoch 7/70 | Loss: 0.3295 | Acc: 0.8977| lr = 0.0001
Epoch 8/70 | Loss: 0.2514 | Acc: 0.9247| lr = 0.0001
VALIDATION || Epoch 8/70 | Loss: 0.1728 | Acc: 0.9492| lr = 0.0001
Epoch 9/70 | Loss: 0.1590 | Acc: 0.9518| lr = 0.0001
VALIDATION || Epoch 9/70 | Loss: 0.1127 | Acc: 0.9670| lr = 0.0001
Epoch 10/70 | Loss: 0.1214 | Acc: 0.9640| lr = 0.0001
VALIDATION || Epoch 10/70 | Loss: 0.0955 | Acc: 0.9722| lr = 0.0001
Epoch 11/70 | Loss: 0.0998 | Acc: 0.9700| lr = 0.0001
VALIDATION || Epoch 11/70 | Loss: 0.1217 | Acc: 0.9640| lr = 0.0001
Epoch 12/70 | Loss: 0.0873 | Acc: 0.9732| lr = 0.0001
VALIDATION || Epoch 12/70 | Loss: 0.0743 | Acc: 0.9770| lr = 0.0001
Epoch 13/70 | Loss: 0.0776 | Acc: 0.9768| lr = 0.0001
VALIDATION || Epoch 13/70 | Loss: 0.0699 | Acc: 0.9780| lr = 0.0001
Epoch 14/70 | Loss: 0.0680 | Acc: 0.9789| lr = 0.0001
VALIDATION || Epoch 14/70 | Loss: 0.0895 | Acc: 0.9732| lr = 0.0001
Epoch 15/70 | Loss: 0.0621 | Acc: 0.9807| lr = 0.0001
VALIDATION || Epoch 15/70 | Loss: 0.0597 | Acc: 0.9833| lr = 0.0001
Epoch 16/70 | Loss: 0.0569 | Acc: 0.9821| lr = 0.0001
VALIDATION || Epoch 16/70 | Loss: 0.0742 | Acc: 0.9772| lr = 0.0001
Epoch 17/70 | Loss: 0.0530 | Acc: 0.9835| lr = 0.0001
VALIDATION || Epoch 17/70 | Loss: 0.0592 | Acc: 0.9830| lr = 0.0001
Epoch 18/70 | Loss: 0.0496 | Acc: 0.9849| lr = 0.0001
VALIDATION || Epoch 18/70 | Loss: 0.0506 | Acc: 0.9850| lr = 0.0001
Epoch 19/70 | Loss: 0.0456 | Acc: 0.9862| lr = 0.0001
VALIDATION || Epoch 19/70 | Loss: 0.0505 | Acc: 0.9842| lr = 0.0001
Epoch 20/70 | Loss: 0.0451 | Acc: 0.9859| lr = 0.0001
VALIDATION || Epoch 20/70 | Loss: 0.0506 | Acc: 0.9850| lr = 0.0001
Epoch 21/70 | Loss: 0.0406 | Acc: 0.9870| lr = 0.0001
VALIDATION || Epoch 21/70 | Loss: 0.0466 | Acc: 0.9872| lr = 0.0001
Epoch 22/70 | Loss: 0.0383 | Acc: 0.9880| lr = 0.0001
VALIDATION || Epoch 22/70 | Loss: 0.0442 | Acc: 0.9870| lr = 0.0001
Epoch 23/70 | Loss: 0.0363 | Acc: 0.9882| lr = 0.0001
VALIDATION || Epoch 23/70 | Loss: 0.0538 | Acc: 0.9833| lr = 0.0001
Epoch 24/70 | Loss: 0.0343 | Acc: 0.9891| lr = 0.0001
VALIDATION || Epoch 24/70 | Loss: 0.0514 | Acc: 0.9838| lr = 0.0001
Epoch 25/70 | Loss: 0.0326 | Acc: 0.9897| lr = 0.0001
VALIDATION || Epoch 25/70 | Loss: 0.0705 | Acc: 0.9803| lr = 0.0001
Epoch 26/70 | Loss: 0.0301 | Acc: 0.9904| lr = 0.0001
VALIDATION || Epoch 26/70 | Loss: 0.0397 | Acc: 0.9878| lr = 0.0001
Epoch 27/70 | Loss: 0.0285 | Acc: 0.9909| lr = 0.0001
VALIDATION || Epoch 27/70 | Loss: 0.0449 | Acc: 0.9860| lr = 0.0001
Epoch 28/70 | Loss: 0.0270 | Acc: 0.9911| lr = 0.0001
VALIDATION || Epoch 28/70 | Loss: 0.0424 | Acc: 0.9868| lr = 0.0001
Epoch 29/70 | Loss: 0.0255 | Acc: 0.9922| lr = 0.0001
VALIDATION || Epoch 29/70 | Loss: 0.0580 | Acc: 0.9830| lr = 0.0001
Epoch 30/70 | Loss: 0.0245 | Acc: 0.9919| lr = 0.0001
VALIDATION || Epoch 30/70 | Loss: 0.0451 | Acc: 0.9865| lr = 0.0001
Epoch 31/70 | Loss: 0.0223 | Acc: 0.9929| lr = 0.0001
VALIDATION || Epoch 31/70 | Loss: 0.0441 | Acc: 0.9865| lr = 0.0001
Epoch 32/70 | Loss: 0.0215 | Acc: 0.9930| lr = 0.0001
VALIDATION || Epoch 32/70 | Loss: 0.0431 | Acc: 0.9870| lr = 0.0001
Epoch 33/70 | Loss: 0.0214 | Acc: 0.9935| lr = 0.0001
VALIDATION || Epoch 33/70 | Loss: 0.0491 | Acc: 0.9862| lr = 0.0001
Epoch 34/70 | Loss: 0.0188 | Acc: 0.9944| lr = 0.0001
VALIDATION || Epoch 34/70 | Loss: 0.0402 | Acc: 0.9885| lr = 0.0001
Epoch 35/70 | Loss: 0.0182 | Acc: 0.9945| lr = 0.0001
VALIDATION || Epoch 35/70 | Loss: 0.0517 | Acc: 0.9857| lr = 0.0001
Epoch 36/70 | Loss: 0.0175 | Acc: 0.9947| lr = 0.0001
VALIDATION || Epoch 36/70 | Loss: 0.0394 | Acc: 0.9887| lr = 0.0001
Epoch 37/70 | Loss: 0.0169 | Acc: 0.9947| lr = 0.0001
VALIDATION || Epoch 37/70 | Loss: 0.0432 | Acc: 0.9877| lr = 0.0001
Epoch 38/70 | Loss: 0.0152 | Acc: 0.9955| lr = 0.0001
VALIDATION || Epoch 38/70 | Loss: 0.0380 | Acc: 0.9890| lr = 0.0001
Epoch 39/70 | Loss: 0.0146 | Acc: 0.9958| lr = 0.0001
VALIDATION || Epoch 39/70 | Loss: 0.0457 | Acc: 0.9880| lr = 0.0001
Epoch 40/70 | Loss: 0.0142 | Acc: 0.9958| lr = 0.0001
VALIDATION || Epoch 40/70 | Loss: 0.0457 | Acc: 0.9873| lr = 0.0001
Epoch 41/70 | Loss: 0.0133 | Acc: 0.9962| lr = 0.0001
VALIDATION || Epoch 41/70 | Loss: 0.0373 | Acc: 0.9892| lr = 0.0001
Epoch 42/70 | Loss: 0.0135 | Acc: 0.9959| lr = 0.0001
VALIDATION || Epoch 42/70 | Loss: 0.0485 | Acc: 0.9868| lr = 0.0001
Epoch 43/70 | Loss: 0.0141 | Acc: 0.9954| lr = 0.0001
VALIDATION || Epoch 43/70 | Loss: 0.0464 | Acc: 0.9865| lr = 0.0001
Epoch 44/70 | Loss: 0.0122 | Acc: 0.9963| lr = 0.0001
VALIDATION || Epoch 44/70 | Loss: 0.0381 | Acc: 0.9882| lr = 0.0001
Epoch 45/70 | Loss: 0.0115 | Acc: 0.9966| lr = 0.0001
VALIDATION || Epoch 45/70 | Loss: 0.0432 | Acc: 0.9870| lr = 0.0001
Epoch 46/70 | Loss: 0.0103 | Acc: 0.9970| lr = 0.0001
VALIDATION || Epoch 46/70 | Loss: 0.0406 | Acc: 0.9883| lr = 0.0001
Epoch 47/70 | Loss: 0.0102 | Acc: 0.9969| lr = 0.0001
VALIDATION || Epoch 47/70 | Loss: 0.0376 | Acc: 0.9898| lr = 0.0001
Epoch 48/70 | Loss: 0.0097 | Acc: 0.9972| lr = 0.0001
VALIDATION || Epoch 48/70 | Loss: 0.0378 | Acc: 0.9890| lr = 0.0001
Epoch 49/70 | Loss: 0.0078 | Acc: 0.9978| lr = 0.0001
VALIDATION || Epoch 49/70 | Loss: 0.0387 | Acc: 0.9900| lr = 0.0001
Epoch 50/70 | Loss: 0.0084 | Acc: 0.9979| lr = 0.0001
VALIDATION || Epoch 50/70 | Loss: 0.0452 | Acc: 0.9883| lr = 0.0001
Epoch 51/70 | Loss: 0.0082 | Acc: 0.9978| lr = 0.0001
VALIDATION || Epoch 51/70 | Loss: 0.0488 | Acc: 0.9870| lr = 0.0001
Epoch 52/70 | Loss: 0.0070 | Acc: 0.9984| lr = 0.0001
VALIDATION || Epoch 52/70 | Loss: 0.0394 | Acc: 0.9892| lr = 0.0001
Epoch 53/70 | Loss: 0.0071 | Acc: 0.9982| lr = 0.0001
VALIDATION || Epoch 53/70 | Loss: 0.0382 | Acc: 0.9900| lr = 0.0001
Epoch 54/70 | Loss: 0.0080 | Acc: 0.9979| lr = 0.0001
VALIDATION || Epoch 54/70 | Loss: 0.0414 | Acc: 0.9892| lr = 0.0001
Epoch 55/70 | Loss: 0.0067 | Acc: 0.9979| lr = 0.0001
VALIDATION || Epoch 55/70 | Loss: 0.0417 | Acc: 0.9892| lr = 0.0001
Epoch 56/70 | Loss: 0.0072 | Acc: 0.9977| lr = 0.0001
VALIDATION || Epoch 56/70 | Loss: 0.0372 | Acc: 0.9897| lr = 0.0001
Epoch 57/70 | Loss: 0.0061 | Acc: 0.9984| lr = 0.0001
VALIDATION || Epoch 57/70 | Loss: 0.0407 | Acc: 0.9903| lr = 0.0001
Epoch 58/70 | Loss: 0.0055 | Acc: 0.9986| lr = 0.0001
VALIDATION || Epoch 58/70 | Loss: 0.0381 | Acc: 0.9900| lr = 0.0001
Epoch 59/70 | Loss: 0.0051 | Acc: 0.9988| lr = 0.0001
VALIDATION || Epoch 59/70 | Loss: 0.0422 | Acc: 0.9883| lr = 0.0001
Epoch 60/70 | Loss: 0.0065 | Acc: 0.9979| lr = 0.0001
VALIDATION || Epoch 60/70 | Loss: 0.0490 | Acc: 0.9888| lr = 0.0001
Epoch 61/70 | Loss: 0.0047 | Acc: 0.9989| lr = 0.0001
VALIDATION || Epoch 61/70 | Loss: 0.0394 | Acc: 0.9897| lr = 0.0001
Epoch 62/70 | Loss: 0.0049 | Acc: 0.9989| lr = 0.0001
VALIDATION || Epoch 62/70 | Loss: 0.0471 | Acc: 0.9892| lr = 0.0001
Epoch 63/70 | Loss: 0.0038 | Acc: 0.9991| lr = 0.0001
VALIDATION || Epoch 63/70 | Loss: 0.0414 | Acc: 0.9898| lr = 0.0001
Epoch 64/70 | Loss: 0.0031 | Acc: 0.9994| lr = 0.0001
VALIDATION || Epoch 64/70 | Loss: 0.0407 | Acc: 0.9907| lr = 0.0001
Epoch 65/70 | Loss: 0.0037 | Acc: 0.9992| lr = 0.0001
VALIDATION || Epoch 65/70 | Loss: 0.0509 | Acc: 0.9877| lr = 0.0001
Epoch 66/70 | Loss: 0.0039 | Acc: 0.9991| lr = 0.0001
VALIDATION || Epoch 66/70 | Loss: 0.0473 | Acc: 0.9893| lr = 0.0001
Epoch 67/70 | Loss: 0.0032 | Acc: 0.9992| lr = 0.0001
VALIDATION || Epoch 67/70 | Loss: 0.0486 | Acc: 0.9887| lr = 0.0001
Epoch 68/70 | Loss: 0.0035 | Acc: 0.9991| lr = 0.0001
VALIDATION || Epoch 68/70 | Loss: 0.0430 | Acc: 0.9887| lr = 0.0001
Epoch 69/70 | Loss: 0.0024 | Acc: 0.9997| lr = 0.0001
VALIDATION || Epoch 69/70 | Loss: 0.0911 | Acc: 0.9797| lr = 0.0001
Epoch 70/70 | Loss: 0.0040 | Acc: 0.9989| lr = 0.0001
VALIDATION || Epoch 70/70 | Loss: 0.0563 | Acc: 0.9865| lr = 0.0001
Tamanho Validacao: 6000
Tamanho treino: 54000
Tamanho teste: 29280
[0 0 0 ... 0 0 0] [-1 -1 -1 ...  4  5  6]
[3 9 0 ... 5 6 7] [-1 -1 -1 ...  4  5  6]
[0 0 0 ... 5 6 7] [-1 -1 -1 ...  4  5  6]
[0 0 0 ... 5 6 7] [-1 -1 -1 ...  4  5  6]
[0 0 0 ... 5 6 7] [-1 -1 -1 ...  4  5  6]
[0 0 0 ... 5 6 7] [-1 -1 -1 ...  4  5  6]
[0 0 0 ... 5 6 7] [-1 -1 -1 ...  4  5  6]
[0 0 0 ... 5 6 7] [-1 -1 -1 ...  4  5  6]
[0 0 0 ... 5 6 7] [-1 -1 -1 ...  4  5  6]
[0 0 0 ... 5 6 7] [-1 -1 -1 ...  4  5  6]
[0 0 0 ... 5 6 7] [-1 -1 -1 ...  4  5  6]
[0 0 0 ... 5 6 7] [-1 -1 -1 ...  4  5  6]
[0 0 0 ... 5 6 7] [-1 -1 -1 ...  4  5  6]
[0 0 0 ... 5 6 7] [-1 -1 -1 ...  4  5  6]
[0 0 0 ... 5 6 7] [-1 -1 -1 ...  4  5  6]
[0 0 0 ... 0 6 7] [-1 -1 -1 ...  4  5  6]
[0 0 0 ... 0 0 7] [-1 -1 -1 ...  4  5  6]
[0 0 0 ... 0 0 7] [-1 -1 -1 ...  4  5  6]
[0 0 0 ... 0 0 7] [-1 -1 -1 ...  4  5  6]
[0 0 0 ... 0 0 7] [-1 -1 -1 ...  4  5  6]
[0 0 0 ... 0 0 7] [-1 -1 -1 ...  4  5  6]
Arquivo salvo: /home/alexandreselani/Desktop/pytorch-ood/pytorch-ood/experimento_mnist_omniglot/Resultados OpenMax/alpha_5/epsilon_0.33/Resultados_grid_mnist_omniglot_tail_0_2000_eps_0.33_alpha_5.csv
[0 0 0 ... 0 0 0] [-1 -1 -1 ...  4  5  6]
[3 9 0 ... 5 6 7] [-1 -1 -1 ...  4  5  6]
[0 0 0 ... 5 6 7] [-1 -1 -1 ...  4  5  6]
[0 0 0 ... 5 6 7] [-1 -1 -1 ...  4  5  6]
[0 0 0 ... 5 6 7] [-1 -1 -1 ...  4  5  6]
[0 0 0 ... 5 6 7] [-1 -1 -1 ...  4  5  6]
[0 0 0 ... 5 6 7] [-1 -1 -1 ...  4  5  6]
[0 0 0 ... 5 6 7] [-1 -1 -1 ...  4  5  6]
[0 0 0 ... 5 6 7] [-1 -1 -1 ...  4  5  6]
[0 0 0 ... 5 6 7] [-1 -1 -1 ...  4  5  6]
[0 0 0 ... 5 6 7] [-1 -1 -1 ...  4  5  6]
[0 0 0 ... 5 6 7] [-1 -1 -1 ...  4  5  6]
[0 0 0 ... 5 6 7] [-1 -1 -1 ...  4  5  6]
[0 0 0 ... 5 6 7] [-1 -1 -1 ...  4  5  6]
[0 0 0 ... 5 6 7] [-1 -1 -1 ...  4  5  6]
[0 0 0 ... 0 6 7] [-1 -1 -1 ...  4  5  6]
[0 0 0 ... 0 0 7] [-1 -1 -1 ...  4  5  6]
[0 0 0 ... 0 0 7] [-1 -1 -1 ...  4  5  6]
[0 0 0 ... 0 0 7] [-1 -1 -1 ...  4  5  6]
[0 0 0 ... 0 0 7] [-1 -1 -1 ...  4  5  6]
[0 0 0 ... 0 0 7] [-1 -1 -1 ...  4  5  6]
Arquivo salvo: /home/alexandreselani/Desktop/pytorch-ood/pytorch-ood/experimento_mnist_omniglot/Resultados OpenMax/alpha_5/epsilon_0.35/Resultados_grid_mnist_omniglot_tail_0_2000_eps_0.35_alpha_5.csv
[0 0 0 ... 0 0 0] [-1 -1 -1 ...  4  5  6]
[3 9 0 ... 5 6 7] [-1 -1 -1 ...  4  5  6]
[0 0 0 ... 5 6 7] [-1 -1 -1 ...  4  5  6]
[0 0 0 ... 5 6 7] [-1 -1 -1 ...  4  5  6]
[0 0 0 ... 5 6 7] [-1 -1 -1 ...  4  5  6]
[0 0 0 ... 5 6 7] [-1 -1 -1 ...  4  5  6]
[0 0 0 ... 5 6 7] [-1 -1 -1 ...  4  5  6]
[0 0 0 ... 5 6 7] [-1 -1 -1 ...  4  5  6]
[0 0 0 ... 5 6 7] [-1 -1 -1 ...  4  5  6]
[0 0 0 ... 5 6 7] [-1 -1 -1 ...  4  5  6]
[0 0 0 ... 5 6 7] [-1 -1 -1 ...  4  5  6]
[0 0 0 ... 5 6 7] [-1 -1 -1 ...  4  5  6]
[0 0 0 ... 5 6 7] [-1 -1 -1 ...  4  5  6]
[0 0 0 ... 5 6 7] [-1 -1 -1 ...  4  5  6]
[0 0 0 ... 5 6 7] [-1 -1 -1 ...  4  5  6]
[0 0 0 ... 0 6 7] [-1 -1 -1 ...  4  5  6]
[0 0 0 ... 0 0 7] [-1 -1 -1 ...  4  5  6]
[0 0 0 ... 0 0 7] [-1 -1 -1 ...  4  5  6]
[0 0 0 ... 0 0 7] [-1 -1 -1 ...  4  5  6]
[0 0 0 ... 0 0 7] [-1 -1 -1 ...  4  5  6]
[0 0 0 ... 0 0 7] [-1 -1 -1 ...  4  5  6]
Arquivo salvo: /home/alexandreselani/Desktop/pytorch-ood/pytorch-ood/experimento_mnist_omniglot/Resultados OpenMax/alpha_5/epsilon_0.37/Resultados_grid_mnist_omniglot_tail_0_2000_eps_0.37_alpha_5.csv
[0 0 0 ... 0 0 0] [-1 -1 -1 ...  4  5  6]
[3 9 0 ... 5 6 7] [-1 -1 -1 ...  4  5  6]
[0 0 0 ... 5 6 7] [-1 -1 -1 ...  4  5  6]
[0 0 0 ... 5 6 7] [-1 -1 -1 ...  4  5  6]
[0 0 0 ... 5 6 7] [-1 -1 -1 ...  4  5  6]
[0 0 0 ... 5 6 7] [-1 -1 -1 ...  4  5  6]
[0 0 0 ... 5 6 7] [-1 -1 -1 ...  4  5  6]
[0 0 0 ... 5 6 7] [-1 -1 -1 ...  4  5  6]
[0 0 0 ... 5 6 7] [-1 -1 -1 ...  4  5  6]
[0 0 0 ... 5 6 7] [-1 -1 -1 ...  4  5  6]
[0 0 0 ... 5 6 7] [-1 -1 -1 ...  4  5  6]
[0 0 0 ... 5 6 7] [-1 -1 -1 ...  4  5  6]
[0 0 0 ... 5 6 7] [-1 -1 -1 ...  4  5  6]
[0 0 0 ... 5 6 7] [-1 -1 -1 ...  4  5  6]
[0 0 0 ... 5 6 7] [-1 -1 -1 ...  4  5  6]
[0 0 0 ... 0 6 7] [-1 -1 -1 ...  4  5  6]
[0 0 0 ... 0 0 7] [-1 -1 -1 ...  4  5  6]
[0 0 0 ... 0 0 7] [-1 -1 -1 ...  4  5  6]
[0 0 0 ... 0 0 7] [-1 -1 -1 ...  4  5  6]
[0 0 0 ... 0 0 7] [-1 -1 -1 ...  4  5  6]
[0 0 0 ... 0 0 7] [-1 -1 -1 ...  4  5  6]
Arquivo salvo: /home/alexandreselani/Desktop/pytorch-ood/pytorch-ood/experimento_mnist_omniglot/Resultados OpenMax/alpha_5/epsilon_0.4/Resultados_grid_mnist_omniglot_tail_0_2000_eps_0.4_alpha_5.csv
[0 0 0 ... 0 0 0] [-1 -1 -1 ...  4  5  6]
[3 9 0 ... 5 6 7] [-1 -1 -1 ...  4  5  6]
[0 0 0 ... 5 6 7] [-1 -1 -1 ...  4  5  6]
[0 0 0 ... 5 6 7] [-1 -1 -1 ...  4  5  6]
[0 0 0 ... 5 6 7] [-1 -1 -1 ...  4  5  6]
[0 0 0 ... 5 6 7] [-1 -1 -1 ...  4  5  6]
[0 0 0 ... 5 6 7] [-1 -1 -1 ...  4  5  6]
[0 0 0 ... 5 0 7] [-1 -1 -1 ...  4  5  6]
[0 0 0 ... 5 0 7] [-1 -1 -1 ...  4  5  6]
[0 0 0 ... 5 0 7] [-1 -1 -1 ...  4  5  6]
[0 0 0 ... 5 0 7] [-1 -1 -1 ...  4  5  6]
[0 0 0 ... 5 0 7] [-1 -1 -1 ...  4  5  6]
[0 0 0 ... 5 0 7] [-1 -1 -1 ...  4  5  6]
[0 0 0 ... 0 0 7] [-1 -1 -1 ...  4  5  6]
[0 0 0 ... 0 0 0] [-1 -1 -1 ...  4  5  6]
[0 0 0 ... 0 0 0] [-1 -1 -1 ...  4  5  6]
[0 0 0 ... 0 0 0] [-1 -1 -1 ...  4  5  6]
[0 0 0 ... 0 0 0] [-1 -1 -1 ...  4  5  6]
[0 0 0 ... 0 0 0] [-1 -1 -1 ...  4  5  6]
[0 0 0 ... 0 0 0] [-1 -1 -1 ...  4  5  6]
[0 0 0 ... 0 0 0] [-1 -1 -1 ...  4  5  6]
Arquivo salvo: /home/alexandreselani/Desktop/pytorch-ood/pytorch-ood/experimento_mnist_omniglot/Resultados OpenMax/alpha_6/epsilon_0.33/Resultados_grid_mnist_omniglot_tail_0_2000_eps_0.33_alpha_6.csv
[0 0 0 ... 0 0 0] [-1 -1 -1 ...  4  5  6]
[3 9 0 ... 5 6 7] [-1 -1 -1 ...  4  5  6]
[0 0 0 ... 5 6 7] [-1 -1 -1 ...  4  5  6]
[0 0 0 ... 5 6 7] [-1 -1 -1 ...  4  5  6]
[0 0 0 ... 5 6 7] [-1 -1 -1 ...  4  5  6]
[0 0 0 ... 5 6 7] [-1 -1 -1 ...  4  5  6]
[0 0 0 ... 5 6 7] [-1 -1 -1 ...  4  5  6]
[0 0 0 ... 5 0 7] [-1 -1 -1 ...  4  5  6]
[0 0 0 ... 5 0 7] [-1 -1 -1 ...  4  5  6]
[0 0 0 ... 5 0 7] [-1 -1 -1 ...  4  5  6]
[0 0 0 ... 5 0 7] [-1 -1 -1 ...  4  5  6]
[0 0 0 ... 5 0 7] [-1 -1 -1 ...  4  5  6]
[0 0 0 ... 5 0 7] [-1 -1 -1 ...  4  5  6]
[0 0 0 ... 0 0 7] [-1 -1 -1 ...  4  5  6]
[0 0 0 ... 0 0 0] [-1 -1 -1 ...  4  5  6]
[0 0 0 ... 0 0 0] [-1 -1 -1 ...  4  5  6]
[0 0 0 ... 0 0 0] [-1 -1 -1 ...  4  5  6]
[0 0 0 ... 0 0 0] [-1 -1 -1 ...  4  5  6]
[0 0 0 ... 0 0 0] [-1 -1 -1 ...  4  5  6]
[0 0 0 ... 0 0 0] [-1 -1 -1 ...  4  5  6]
[0 0 0 ... 0 0 0] [-1 -1 -1 ...  4  5  6]
Arquivo salvo: /home/alexandreselani/Desktop/pytorch-ood/pytorch-ood/experimento_mnist_omniglot/Resultados OpenMax/alpha_6/epsilon_0.35/Resultados_grid_mnist_omniglot_tail_0_2000_eps_0.35_alpha_6.csv
[0 0 0 ... 0 0 0] [-1 -1 -1 ...  4  5  6]
[3 9 0 ... 5 6 7] [-1 -1 -1 ...  4  5  6]
[0 0 0 ... 5 6 7] [-1 -1 -1 ...  4  5  6]
[0 0 0 ... 5 6 7] [-1 -1 -1 ...  4  5  6]
[0 0 0 ... 5 6 7] [-1 -1 -1 ...  4  5  6]
[0 0 0 ... 5 6 7] [-1 -1 -1 ...  4  5  6]
[0 0 0 ... 5 6 7] [-1 -1 -1 ...  4  5  6]
[0 0 0 ... 5 0 7] [-1 -1 -1 ...  4  5  6]
[0 0 0 ... 5 0 7] [-1 -1 -1 ...  4  5  6]
[0 0 0 ... 5 0 7] [-1 -1 -1 ...  4  5  6]
[0 0 0 ... 5 0 7] [-1 -1 -1 ...  4  5  6]
[0 0 0 ... 5 0 7] [-1 -1 -1 ...  4  5  6]
[0 0 0 ... 5 0 7] [-1 -1 -1 ...  4  5  6]
[0 0 0 ... 0 0 7] [-1 -1 -1 ...  4  5  6]
[0 0 0 ... 0 0 0] [-1 -1 -1 ...  4  5  6]
[0 0 0 ... 0 0 0] [-1 -1 -1 ...  4  5  6]
[0 0 0 ... 0 0 0] [-1 -1 -1 ...  4  5  6]
[0 0 0 ... 0 0 0] [-1 -1 -1 ...  4  5  6]
[0 0 0 ... 0 0 0] [-1 -1 -1 ...  4  5  6]
[0 0 0 ... 0 0 0] [-1 -1 -1 ...  4  5  6]
[0 0 0 ... 0 0 0] [-1 -1 -1 ...  4  5  6]
Arquivo salvo: /home/alexandreselani/Desktop/pytorch-ood/pytorch-ood/experimento_mnist_omniglot/Resultados OpenMax/alpha_6/epsilon_0.37/Resultados_grid_mnist_omniglot_tail_0_2000_eps_0.37_alpha_6.csv
[0 0 0 ... 0 0 0] [-1 -1 -1 ...  4  5  6]
[3 9 0 ... 5 6 7] [-1 -1 -1 ...  4  5  6]
[0 0 0 ... 5 6 7] [-1 -1 -1 ...  4  5  6]
[0 0 0 ... 5 6 7] [-1 -1 -1 ...  4  5  6]
[0 0 0 ... 5 6 7] [-1 -1 -1 ...  4  5  6]
[0 0 0 ... 5 6 7] [-1 -1 -1 ...  4  5  6]
[0 0 0 ... 5 6 7] [-1 -1 -1 ...  4  5  6]
[0 0 0 ... 5 0 7] [-1 -1 -1 ...  4  5  6]
[0 0 0 ... 5 0 7] [-1 -1 -1 ...  4  5  6]
[0 0 0 ... 5 0 7] [-1 -1 -1 ...  4  5  6]
[0 0 0 ... 5 0 7] [-1 -1 -1 ...  4  5  6]
[0 0 0 ... 5 0 7] [-1 -1 -1 ...  4  5  6]
[0 0 0 ... 5 0 7] [-1 -1 -1 ...  4  5  6]
[0 0 0 ... 0 0 7] [-1 -1 -1 ...  4  5  6]
[0 0 0 ... 0 0 0] [-1 -1 -1 ...  4  5  6]
[0 0 0 ... 0 0 0] [-1 -1 -1 ...  4  5  6]
[0 0 0 ... 0 0 0] [-1 -1 -1 ...  4  5  6]
[0 0 0 ... 0 0 0] [-1 -1 -1 ...  4  5  6]
[0 0 0 ... 0 0 0] [-1 -1 -1 ...  4  5  6]
[0 0 0 ... 0 0 0] [-1 -1 -1 ...  4  5  6]
[0 0 0 ... 0 0 0] [-1 -1 -1 ...  4  5  6]
Arquivo salvo: /home/alexandreselani/Desktop/pytorch-ood/pytorch-ood/experimento_mnist_omniglot/Resultados OpenMax/alpha_6/epsilon_0.4/Resultados_grid_mnist_omniglot_tail_0_2000_eps_0.4_alpha_6.csv
[0 0 0 ... 0 0 0] [-1 -1 -1 ...  4  5  6]
[3 9 0 ... 5 6 7] [-1 -1 -1 ...  4  5  6]
[0 0 0 ... 5 6 7] [-1 -1 -1 ...  4  5  6]
[0 0 0 ... 5 6 7] [-1 -1 -1 ...  4  5  6]
[0 0 0 ... 5 0 7] [-1 -1 -1 ...  4  5  6]
[0 0 0 ... 5 0 7] [-1 -1 -1 ...  4  5  6]
[0 0 0 ... 5 0 7] [-1 -1 -1 ...  4  5  6]
[0 0 0 ... 5 0 7] [-1 -1 -1 ...  4  5  6]
[0 0 0 ... 5 0 7] [-1 -1 -1 ...  4  5  6]
[0 0 0 ... 5 0 7] [-1 -1 -1 ...  4  5  6]
[0 0 0 ... 5 0 7] [-1 -1 -1 ...  4  5  6]
[0 0 0 ... 5 0 0] [-1 -1 -1 ...  4  5  6]
[0 0 0 ... 5 0 0] [-1 -1 -1 ...  4  5  6]
[0 0 0 ... 0 0 0] [-1 -1 -1 ...  4  5  6]
[0 0 0 ... 0 0 0] [-1 -1 -1 ...  4  5  6]
[0 0 0 ... 0 0 0] [-1 -1 -1 ...  4  5  6]
[0 0 0 ... 0 0 0] [-1 -1 -1 ...  4  5  6]
[0 0 0 ... 0 0 0] [-1 -1 -1 ...  4  5  6]
[0 0 0 ... 0 0 0] [-1 -1 -1 ...  4  5  6]
[0 0 0 ... 0 0 0] [-1 -1 -1 ...  4  5  6]
[0 0 0 ... 0 0 0] [-1 -1 -1 ...  4  5  6]
Arquivo salvo: /home/alexandreselani/Desktop/pytorch-ood/pytorch-ood/experimento_mnist_omniglot/Resultados OpenMax/alpha_7/epsilon_0.33/Resultados_grid_mnist_omniglot_tail_0_2000_eps_0.33_alpha_7.csv
[0 0 0 ... 0 0 0] [-1 -1 -1 ...  4  5  6]
[3 9 0 ... 5 6 7] [-1 -1 -1 ...  4  5  6]
[0 0 0 ... 5 6 7] [-1 -1 -1 ...  4  5  6]
[0 0 0 ... 5 6 7] [-1 -1 -1 ...  4  5  6]
[0 0 0 ... 5 0 7] [-1 -1 -1 ...  4  5  6]
[0 0 0 ... 5 0 7] [-1 -1 -1 ...  4  5  6]
[0 0 0 ... 5 0 7] [-1 -1 -1 ...  4  5  6]
[0 0 0 ... 5 0 7] [-1 -1 -1 ...  4  5  6]
[0 0 0 ... 5 0 7] [-1 -1 -1 ...  4  5  6]
[0 0 0 ... 5 0 7] [-1 -1 -1 ...  4  5  6]
[0 0 0 ... 5 0 7] [-1 -1 -1 ...  4  5  6]
[0 0 0 ... 5 0 0] [-1 -1 -1 ...  4  5  6]
[0 0 0 ... 5 0 0] [-1 -1 -1 ...  4  5  6]
[0 0 0 ... 0 0 0] [-1 -1 -1 ...  4  5  6]
[0 0 0 ... 0 0 0] [-1 -1 -1 ...  4  5  6]
[0 0 0 ... 0 0 0] [-1 -1 -1 ...  4  5  6]
[0 0 0 ... 0 0 0] [-1 -1 -1 ...  4  5  6]
[0 0 0 ... 0 0 0] [-1 -1 -1 ...  4  5  6]
[0 0 0 ... 0 0 0] [-1 -1 -1 ...  4  5  6]
[0 0 0 ... 0 0 0] [-1 -1 -1 ...  4  5  6]
[0 0 0 ... 0 0 0] [-1 -1 -1 ...  4  5  6]
Arquivo salvo: /home/alexandreselani/Desktop/pytorch-ood/pytorch-ood/experimento_mnist_omniglot/Resultados OpenMax/alpha_7/epsilon_0.35/Resultados_grid_mnist_omniglot_tail_0_2000_eps_0.35_alpha_7.csv
[0 0 0 ... 0 0 0] [-1 -1 -1 ...  4  5  6]
[3 9 0 ... 5 6 7] [-1 -1 -1 ...  4  5  6]
[0 0 0 ... 5 6 7] [-1 -1 -1 ...  4  5  6]
[0 0 0 ... 5 6 7] [-1 -1 -1 ...  4  5  6]
[0 0 0 ... 5 0 7] [-1 -1 -1 ...  4  5  6]
[0 0 0 ... 5 0 7] [-1 -1 -1 ...  4  5  6]
[0 0 0 ... 5 0 7] [-1 -1 -1 ...  4  5  6]
[0 0 0 ... 5 0 7] [-1 -1 -1 ...  4  5  6]
[0 0 0 ... 5 0 7] [-1 -1 -1 ...  4  5  6]
[0 0 0 ... 5 0 7] [-1 -1 -1 ...  4  5  6]
[0 0 0 ... 5 0 7] [-1 -1 -1 ...  4  5  6]
[0 0 0 ... 5 0 0] [-1 -1 -1 ...  4  5  6]
[0 0 0 ... 5 0 0] [-1 -1 -1 ...  4  5  6]
[0 0 0 ... 0 0 0] [-1 -1 -1 ...  4  5  6]
[0 0 0 ... 0 0 0] [-1 -1 -1 ...  4  5  6]
[0 0 0 ... 0 0 0] [-1 -1 -1 ...  4  5  6]
[0 0 0 ... 0 0 0] [-1 -1 -1 ...  4  5  6]
[0 0 0 ... 0 0 0] [-1 -1 -1 ...  4  5  6]
[0 0 0 ... 0 0 0] [-1 -1 -1 ...  4  5  6]
[0 0 0 ... 0 0 0] [-1 -1 -1 ...  4  5  6]
[0 0 0 ... 0 0 0] [-1 -1 -1 ...  4  5  6]
Arquivo salvo: /home/alexandreselani/Desktop/pytorch-ood/pytorch-ood/experimento_mnist_omniglot/Resultados OpenMax/alpha_7/epsilon_0.37/Resultados_grid_mnist_omniglot_tail_0_2000_eps_0.37_alpha_7.csv
[0 0 0 ... 0 0 0] [-1 -1 -1 ...  4  5  6]
[3 9 0 ... 5 6 7] [-1 -1 -1 ...  4  5  6]
[0 0 0 ... 5 6 7] [-1 -1 -1 ...  4  5  6]
[0 0 0 ... 5 6 7] [-1 -1 -1 ...  4  5  6]
[0 0 0 ... 5 0 7] [-1 -1 -1 ...  4  5  6]
[0 0 0 ... 5 0 7] [-1 -1 -1 ...  4  5  6]
[0 0 0 ... 5 0 7] [-1 -1 -1 ...  4  5  6]
[0 0 0 ... 5 0 7] [-1 -1 -1 ...  4  5  6]
[0 0 0 ... 5 0 7] [-1 -1 -1 ...  4  5  6]
[0 0 0 ... 5 0 7] [-1 -1 -1 ...  4  5  6]
[0 0 0 ... 5 0 7] [-1 -1 -1 ...  4  5  6]
[0 0 0 ... 5 0 0] [-1 -1 -1 ...  4  5  6]
[0 0 0 ... 5 0 0] [-1 -1 -1 ...  4  5  6]
[0 0 0 ... 0 0 0] [-1 -1 -1 ...  4  5  6]
[0 0 0 ... 0 0 0] [-1 -1 -1 ...  4  5  6]
[0 0 0 ... 0 0 0] [-1 -1 -1 ...  4  5  6]
[0 0 0 ... 0 0 0] [-1 -1 -1 ...  4  5  6]
[0 0 0 ... 0 0 0] [-1 -1 -1 ...  4  5  6]
[0 0 0 ... 0 0 0] [-1 -1 -1 ...  4  5  6]
[0 0 0 ... 0 0 0] [-1 -1 -1 ...  4  5  6]
[0 0 0 ... 0 0 0] [-1 -1 -1 ...  4  5  6]
Arquivo salvo: /home/alexandreselani/Desktop/pytorch-ood/pytorch-ood/experimento_mnist_omniglot/Resultados OpenMax/alpha_7/epsilon_0.4/Resultados_grid_mnist_omniglot_tail_0_2000_eps_0.4_alpha_7.csv
[0 0 0 ... 0 0 0] [-1 -1 -1 ...  4  5  6]
[3 9 0 ... 5 6 7] [-1 -1 -1 ...  4  5  6]
[0 0 0 ... 5 6 7] [-1 -1 -1 ...  4  5  6]
[0 0 0 ... 5 6 7] [-1 -1 -1 ...  4  5  6]
[0 0 0 ... 5 6 7] [-1 -1 -1 ...  4  5  6]
[0 0 0 ... 5 6 7] [-1 -1 -1 ...  4  5  6]
[0 0 0 ... 5 0 7] [-1 -1 -1 ...  4  5  6]
[0 0 0 ... 5 0 7] [-1 -1 -1 ...  4  5  6]
[0 0 0 ... 5 0 7] [-1 -1 -1 ...  4  5  6]
[0 0 0 ... 5 0 7] [-1 -1 -1 ...  4  5  6]
[0 0 0 ... 5 0 7] [-1 -1 -1 ...  4  5  6]
[0 0 0 ... 5 0 7] [-1 -1 -1 ...  4  5  6]
[0 0 0 ... 5 0 0] [-1 -1 -1 ...  4  5  6]
[0 0 0 ... 5 0 0] [-1 -1 -1 ...  4  5  6]
[0 0 0 ... 0 0 0] [-1 -1 -1 ...  4  5  6]
[0 0 0 ... 0 0 0] [-1 -1 -1 ...  4  5  6]
[0 0 0 ... 0 0 0] [-1 -1 -1 ...  4  5  6]
[0 0 0 ... 0 0 0] [-1 -1 -1 ...  4  5  6]
[0 0 0 ... 0 0 0] [-1 -1 -1 ...  4  5  6]
[0 0 0 ... 0 0 0] [-1 -1 -1 ...  4  5  6]
[0 0 0 ... 0 0 0] [-1 -1 -1 ...  4  5  6]
Arquivo salvo: /home/alexandreselani/Desktop/pytorch-ood/pytorch-ood/experimento_mnist_omniglot/Resultados OpenMax/alpha_8/epsilon_0.33/Resultados_grid_mnist_omniglot_tail_0_2000_eps_0.33_alpha_8.csv
[0 0 0 ... 0 0 0] [-1 -1 -1 ...  4  5  6]
[3 9 0 ... 5 6 7] [-1 -1 -1 ...  4  5  6]
[0 0 0 ... 5 6 7] [-1 -1 -1 ...  4  5  6]
[0 0 0 ... 5 6 7] [-1 -1 -1 ...  4  5  6]
[0 0 0 ... 5 6 7] [-1 -1 -1 ...  4  5  6]
[0 0 0 ... 5 6 7] [-1 -1 -1 ...  4  5  6]
[0 0 0 ... 5 0 7] [-1 -1 -1 ...  4  5  6]
[0 0 0 ... 5 0 7] [-1 -1 -1 ...  4  5  6]
[0 0 0 ... 5 0 7] [-1 -1 -1 ...  4  5  6]
[0 0 0 ... 5 0 7] [-1 -1 -1 ...  4  5  6]
[0 0 0 ... 5 0 7] [-1 -1 -1 ...  4  5  6]
[0 0 0 ... 5 0 7] [-1 -1 -1 ...  4  5  6]
[0 0 0 ... 5 0 0] [-1 -1 -1 ...  4  5  6]
[0 0 0 ... 5 0 0] [-1 -1 -1 ...  4  5  6]
[0 0 0 ... 0 0 0] [-1 -1 -1 ...  4  5  6]
[0 0 0 ... 0 0 0] [-1 -1 -1 ...  4  5  6]
[0 0 0 ... 0 0 0] [-1 -1 -1 ...  4  5  6]
[0 0 0 ... 0 0 0] [-1 -1 -1 ...  4  5  6]
[0 0 0 ... 0 0 0] [-1 -1 -1 ...  4  5  6]
[0 0 0 ... 0 0 0] [-1 -1 -1 ...  4  5  6]
[0 0 0 ... 0 0 0] [-1 -1 -1 ...  4  5  6]
Arquivo salvo: /home/alexandreselani/Desktop/pytorch-ood/pytorch-ood/experimento_mnist_omniglot/Resultados OpenMax/alpha_8/epsilon_0.35/Resultados_grid_mnist_omniglot_tail_0_2000_eps_0.35_alpha_8.csv
[0 0 0 ... 0 0 0] [-1 -1 -1 ...  4  5  6]
[3 9 0 ... 5 6 7] [-1 -1 -1 ...  4  5  6]
[0 0 0 ... 5 6 7] [-1 -1 -1 ...  4  5  6]
[0 0 0 ... 5 6 7] [-1 -1 -1 ...  4  5  6]
[0 0 0 ... 5 6 7] [-1 -1 -1 ...  4  5  6]
[0 0 0 ... 5 6 7] [-1 -1 -1 ...  4  5  6]
[0 0 0 ... 5 0 7] [-1 -1 -1 ...  4  5  6]
[0 0 0 ... 5 0 7] [-1 -1 -1 ...  4  5  6]
[0 0 0 ... 5 0 7] [-1 -1 -1 ...  4  5  6]
[0 0 0 ... 5 0 7] [-1 -1 -1 ...  4  5  6]
[0 0 0 ... 5 0 7] [-1 -1 -1 ...  4  5  6]
[0 0 0 ... 5 0 7] [-1 -1 -1 ...  4  5  6]
[0 0 0 ... 5 0 0] [-1 -1 -1 ...  4  5  6]
[0 0 0 ... 5 0 0] [-1 -1 -1 ...  4  5  6]
[0 0 0 ... 0 0 0] [-1 -1 -1 ...  4  5  6]
[0 0 0 ... 0 0 0] [-1 -1 -1 ...  4  5  6]
[0 0 0 ... 0 0 0] [-1 -1 -1 ...  4  5  6]
[0 0 0 ... 0 0 0] [-1 -1 -1 ...  4  5  6]
[0 0 0 ... 0 0 0] [-1 -1 -1 ...  4  5  6]
[0 0 0 ... 0 0 0] [-1 -1 -1 ...  4  5  6]
[0 0 0 ... 0 0 0] [-1 -1 -1 ...  4  5  6]
Arquivo salvo: /home/alexandreselani/Desktop/pytorch-ood/pytorch-ood/experimento_mnist_omniglot/Resultados OpenMax/alpha_8/epsilon_0.37/Resultados_grid_mnist_omniglot_tail_0_2000_eps_0.37_alpha_8.csv
[0 0 0 ... 0 0 0] [-1 -1 -1 ...  4  5  6]
[3 9 0 ... 5 6 7] [-1 -1 -1 ...  4  5  6]
[0 0 0 ... 5 6 7] [-1 -1 -1 ...  4  5  6]
[0 0 0 ... 5 6 7] [-1 -1 -1 ...  4  5  6]
[0 0 0 ... 5 6 7] [-1 -1 -1 ...  4  5  6]
[0 0 0 ... 5 6 7] [-1 -1 -1 ...  4  5  6]
[0 0 0 ... 5 0 7] [-1 -1 -1 ...  4  5  6]
[0 0 0 ... 5 0 7] [-1 -1 -1 ...  4  5  6]
[0 0 0 ... 5 0 7] [-1 -1 -1 ...  4  5  6]
[0 0 0 ... 5 0 7] [-1 -1 -1 ...  4  5  6]
[0 0 0 ... 5 0 7] [-1 -1 -1 ...  4  5  6]
[0 0 0 ... 5 0 7] [-1 -1 -1 ...  4  5  6]
[0 0 0 ... 5 0 0] [-1 -1 -1 ...  4  5  6]
[0 0 0 ... 5 0 0] [-1 -1 -1 ...  4  5  6]
[0 0 0 ... 0 0 0] [-1 -1 -1 ...  4  5  6]
[0 0 0 ... 0 0 0] [-1 -1 -1 ...  4  5  6]
[0 0 0 ... 0 0 0] [-1 -1 -1 ...  4  5  6]
[0 0 0 ... 0 0 0] [-1 -1 -1 ...  4  5  6]
[0 0 0 ... 0 0 0] [-1 -1 -1 ...  4  5  6]
[0 0 0 ... 0 0 0] [-1 -1 -1 ...  4  5  6]
[0 0 0 ... 0 0 0] [-1 -1 -1 ...  4  5  6]
Arquivo salvo: /home/alexandreselani/Desktop/pytorch-ood/pytorch-ood/experimento_mnist_omniglot/Resultados OpenMax/alpha_8/epsilon_0.4/Resultados_grid_mnist_omniglot_tail_0_2000_eps_0.4_alpha_8.csv
[0 0 0 ... 0 0 0] [-1 -1 -1 ...  4  5  6]
[3 9 0 ... 5 6 7] [-1 -1 -1 ...  4  5  6]
[0 0 0 ... 5 6 7] [-1 -1 -1 ...  4  5  6]
[0 0 0 ... 5 6 7] [-1 -1 -1 ...  4  5  6]
[0 0 0 ... 5 6 7] [-1 -1 -1 ...  4  5  6]
[0 0 0 ... 5 6 7] [-1 -1 -1 ...  4  5  6]
[0 0 0 ... 5 6 7] [-1 -1 -1 ...  4  5  6]
[0 0 0 ... 5 6 7] [-1 -1 -1 ...  4  5  6]
[0 0 0 ... 5 6 7] [-1 -1 -1 ...  4  5  6]
[0 0 0 ... 5 6 7] [-1 -1 -1 ...  4  5  6]
[0 0 0 ... 5 6 7] [-1 -1 -1 ...  4  5  6]
[0 0 0 ... 5 6 7] [-1 -1 -1 ...  4  5  6]
[0 0 0 ... 5 0 7] [-1 -1 -1 ...  4  5  6]
[0 0 0 ... 5 0 7] [-1 -1 -1 ...  4  5  6]
[0 0 0 ... 5 0 7] [-1 -1 -1 ...  4  5  6]
[0 0 0 ... 5 0 7] [-1 -1 -1 ...  4  5  6]
[0 0 0 ... 5 0 7] [-1 -1 -1 ...  4  5  6]
[0 0 0 ... 0 0 7] [-1 -1 -1 ...  4  5  6]
[0 0 0 ... 0 0 0] [-1 -1 -1 ...  4  5  6]
[0 0 0 ... 0 0 0] [-1 -1 -1 ...  4  5  6]
[0 0 0 ... 0 0 0] [-1 -1 -1 ...  4  5  6]
Arquivo salvo: /home/alexandreselani/Desktop/pytorch-ood/pytorch-ood/experimento_mnist_omniglot/Resultados OpenMax/alpha_9/epsilon_0.33/Resultados_grid_mnist_omniglot_tail_0_2000_eps_0.33_alpha_9.csv
[0 0 0 ... 0 0 0] [-1 -1 -1 ...  4  5  6]
[3 9 0 ... 5 6 7] [-1 -1 -1 ...  4  5  6]
[0 0 0 ... 5 6 7] [-1 -1 -1 ...  4  5  6]
[0 0 0 ... 5 6 7] [-1 -1 -1 ...  4  5  6]
[0 0 0 ... 5 6 7] [-1 -1 -1 ...  4  5  6]
[0 0 0 ... 5 6 7] [-1 -1 -1 ...  4  5  6]
[0 0 0 ... 5 6 7] [-1 -1 -1 ...  4  5  6]
[0 0 0 ... 5 6 7] [-1 -1 -1 ...  4  5  6]
[0 0 0 ... 5 6 7] [-1 -1 -1 ...  4  5  6]
[0 0 0 ... 5 6 7] [-1 -1 -1 ...  4  5  6]
[0 0 0 ... 5 6 7] [-1 -1 -1 ...  4  5  6]
[0 0 0 ... 5 6 7] [-1 -1 -1 ...  4  5  6]
[0 0 0 ... 5 0 7] [-1 -1 -1 ...  4  5  6]
[0 0 0 ... 5 0 7] [-1 -1 -1 ...  4  5  6]
[0 0 0 ... 5 0 7] [-1 -1 -1 ...  4  5  6]
[0 0 0 ... 5 0 7] [-1 -1 -1 ...  4  5  6]
[0 0 0 ... 5 0 7] [-1 -1 -1 ...  4  5  6]
[0 0 0 ... 0 0 7] [-1 -1 -1 ...  4  5  6]
[0 0 0 ... 0 0 0] [-1 -1 -1 ...  4  5  6]
[0 0 0 ... 0 0 0] [-1 -1 -1 ...  4  5  6]
[0 0 0 ... 0 0 0] [-1 -1 -1 ...  4  5  6]
Arquivo salvo: /home/alexandreselani/Desktop/pytorch-ood/pytorch-ood/experimento_mnist_omniglot/Resultados OpenMax/alpha_9/epsilon_0.35/Resultados_grid_mnist_omniglot_tail_0_2000_eps_0.35_alpha_9.csv
[0 0 0 ... 0 0 0] [-1 -1 -1 ...  4  5  6]
[3 9 0 ... 5 6 7] [-1 -1 -1 ...  4  5  6]
[0 0 0 ... 5 6 7] [-1 -1 -1 ...  4  5  6]
[0 0 0 ... 5 6 7] [-1 -1 -1 ...  4  5  6]
[0 0 0 ... 5 6 7] [-1 -1 -1 ...  4  5  6]
[0 0 0 ... 5 6 7] [-1 -1 -1 ...  4  5  6]
[0 0 0 ... 5 6 7] [-1 -1 -1 ...  4  5  6]
[0 0 0 ... 5 6 7] [-1 -1 -1 ...  4  5  6]
[0 0 0 ... 5 6 7] [-1 -1 -1 ...  4  5  6]
[0 0 0 ... 5 6 7] [-1 -1 -1 ...  4  5  6]
[0 0 0 ... 5 6 7] [-1 -1 -1 ...  4  5  6]
[0 0 0 ... 5 6 7] [-1 -1 -1 ...  4  5  6]
[0 0 0 ... 5 0 7] [-1 -1 -1 ...  4  5  6]
[0 0 0 ... 5 0 7] [-1 -1 -1 ...  4  5  6]
[0 0 0 ... 5 0 7] [-1 -1 -1 ...  4  5  6]
[0 0 0 ... 5 0 7] [-1 -1 -1 ...  4  5  6]
[0 0 0 ... 5 0 7] [-1 -1 -1 ...  4  5  6]
[0 0 0 ... 0 0 7] [-1 -1 -1 ...  4  5  6]
[0 0 0 ... 0 0 0] [-1 -1 -1 ...  4  5  6]
[0 0 0 ... 0 0 0] [-1 -1 -1 ...  4  5  6]
[0 0 0 ... 0 0 0] [-1 -1 -1 ...  4  5  6]
Arquivo salvo: /home/alexandreselani/Desktop/pytorch-ood/pytorch-ood/experimento_mnist_omniglot/Resultados OpenMax/alpha_9/epsilon_0.37/Resultados_grid_mnist_omniglot_tail_0_2000_eps_0.37_alpha_9.csv
[0 0 0 ... 0 0 0] [-1 -1 -1 ...  4  5  6]
[3 9 0 ... 5 6 7] [-1 -1 -1 ...  4  5  6]
[0 0 0 ... 5 6 7] [-1 -1 -1 ...  4  5  6]
[0 0 0 ... 5 6 7] [-1 -1 -1 ...  4  5  6]
[0 0 0 ... 5 6 7] [-1 -1 -1 ...  4  5  6]
[0 0 0 ... 5 6 7] [-1 -1 -1 ...  4  5  6]
[0 0 0 ... 5 6 7] [-1 -1 -1 ...  4  5  6]
[0 0 0 ... 5 6 7] [-1 -1 -1 ...  4  5  6]
[0 0 0 ... 5 6 7] [-1 -1 -1 ...  4  5  6]
[0 0 0 ... 5 6 7] [-1 -1 -1 ...  4  5  6]
[0 0 0 ... 5 6 7] [-1 -1 -1 ...  4  5  6]
[0 0 0 ... 5 6 7] [-1 -1 -1 ...  4  5  6]
[0 0 0 ... 5 0 7] [-1 -1 -1 ...  4  5  6]
[0 0 0 ... 5 0 7] [-1 -1 -1 ...  4  5  6]
[0 0 0 ... 5 0 7] [-1 -1 -1 ...  4  5  6]
[0 0 0 ... 5 0 7] [-1 -1 -1 ...  4  5  6]
[0 0 0 ... 5 0 7] [-1 -1 -1 ...  4  5  6]
[0 0 0 ... 0 0 7] [-1 -1 -1 ...  4  5  6]
[0 0 0 ... 0 0 0] [-1 -1 -1 ...  4  5  6]
[0 0 0 ... 0 0 0] [-1 -1 -1 ...  4  5  6]
[0 0 0 ... 0 0 0] [-1 -1 -1 ...  4  5  6]
Arquivo salvo: /home/alexandreselani/Desktop/pytorch-ood/pytorch-ood/experimento_mnist_omniglot/Resultados OpenMax/alpha_9/epsilon_0.4/Resultados_grid_mnist_omniglot_tail_0_2000_eps_0.4_alpha_9.csv
[0 0 0 ... 0 0 0] [-1 -1 -1 ...  4  5  6]
[0 9 0 ... 5 6 7] [-1 -1 -1 ...  4  5  6]
[0 0 0 ... 5 6 7] [-1 -1 -1 ...  4  5  6]
[0 0 0 ... 5 6 7] [-1 -1 -1 ...  4  5  6]
[0 0 0 ... 5 6 7] [-1 -1 -1 ...  4  5  6]
[0 0 0 ... 5 6 7] [-1 -1 -1 ...  4  5  6]
[0 0 0 ... 5 6 7] [-1 -1 -1 ...  4  5  6]
[0 0 0 ... 5 6 7] [-1 -1 -1 ...  4  5  6]
[0 0 0 ... 5 6 7] [-1 -1 -1 ...  4  5  6]
[0 0 0 ... 5 6 7] [-1 -1 -1 ...  4  5  6]
[0 0 0 ... 5 6 7] [-1 -1 -1 ...  4  5  6]
[0 0 0 ... 5 6 7] [-1 -1 -1 ...  4  5  6]
[0 0 0 ... 5 6 7] [-1 -1 -1 ...  4  5  6]
[0 0 0 ... 5 6 7] [-1 -1 -1 ...  4  5  6]
[0 0 0 ... 5 6 7] [-1 -1 -1 ...  4  5  6]
[0 0 0 ... 5 6 7] [-1 -1 -1 ...  4  5  6]
[0 0 0 ... 5 6 7] [-1 -1 -1 ...  4  5  6]
[0 0 0 ... 5 6 7] [-1 -1 -1 ...  4  5  6]
[0 0 0 ... 5 6 7] [-1 -1 -1 ...  4  5  6]
[0 0 0 ... 5 6 7] [-1 -1 -1 ...  4  5  6]
[0 0 0 ... 5 6 7] [-1 -1 -1 ...  4  5  6]
Arquivo salvo: /home/alexandreselani/Desktop/pytorch-ood/pytorch-ood/experimento_mnist_omniglot/Resultados OpenMax/alpha_10/epsilon_0.33/Resultados_grid_mnist_omniglot_tail_0_2000_eps_0.33_alpha_10.csv
[0 0 0 ... 0 0 0] [-1 -1 -1 ...  4  5  6]
[0 9 0 ... 5 6 7] [-1 -1 -1 ...  4  5  6]
[0 0 0 ... 5 6 7] [-1 -1 -1 ...  4  5  6]
[0 0 0 ... 5 6 7] [-1 -1 -1 ...  4  5  6]
[0 0 0 ... 5 6 7] [-1 -1 -1 ...  4  5  6]
[0 0 0 ... 5 6 7] [-1 -1 -1 ...  4  5  6]
[0 0 0 ... 5 6 7] [-1 -1 -1 ...  4  5  6]
[0 0 0 ... 5 6 7] [-1 -1 -1 ...  4  5  6]
[0 0 0 ... 5 6 7] [-1 -1 -1 ...  4  5  6]
[0 0 0 ... 5 6 7] [-1 -1 -1 ...  4  5  6]
[0 0 0 ... 5 6 7] [-1 -1 -1 ...  4  5  6]
[0 0 0 ... 5 6 7] [-1 -1 -1 ...  4  5  6]
[0 0 0 ... 5 6 7] [-1 -1 -1 ...  4  5  6]
[0 0 0 ... 5 6 7] [-1 -1 -1 ...  4  5  6]
[0 0 0 ... 5 6 7] [-1 -1 -1 ...  4  5  6]
[0 0 0 ... 5 6 7] [-1 -1 -1 ...  4  5  6]
[0 0 0 ... 5 6 7] [-1 -1 -1 ...  4  5  6]
[0 0 0 ... 5 6 7] [-1 -1 -1 ...  4  5  6]
[0 0 0 ... 5 6 7] [-1 -1 -1 ...  4  5  6]
[0 0 0 ... 5 6 7] [-1 -1 -1 ...  4  5  6]
[0 0 0 ... 5 6 7] [-1 -1 -1 ...  4  5  6]
Arquivo salvo: /home/alexandreselani/Desktop/pytorch-ood/pytorch-ood/experimento_mnist_omniglot/Resultados OpenMax/alpha_10/epsilon_0.35/Resultados_grid_mnist_omniglot_tail_0_2000_eps_0.35_alpha_10.csv
[0 0 0 ... 0 0 0] [-1 -1 -1 ...  4  5  6]
[0 9 0 ... 5 6 7] [-1 -1 -1 ...  4  5  6]
[0 0 0 ... 5 6 7] [-1 -1 -1 ...  4  5  6]
[0 0 0 ... 5 6 7] [-1 -1 -1 ...  4  5  6]
[0 0 0 ... 5 6 7] [-1 -1 -1 ...  4  5  6]
[0 0 0 ... 5 6 7] [-1 -1 -1 ...  4  5  6]
[0 0 0 ... 5 6 7] [-1 -1 -1 ...  4  5  6]
[0 0 0 ... 5 6 7] [-1 -1 -1 ...  4  5  6]
[0 0 0 ... 5 6 7] [-1 -1 -1 ...  4  5  6]
[0 0 0 ... 5 6 7] [-1 -1 -1 ...  4  5  6]
[0 0 0 ... 5 6 7] [-1 -1 -1 ...  4  5  6]
[0 0 0 ... 5 6 7] [-1 -1 -1 ...  4  5  6]
[0 0 0 ... 5 6 7] [-1 -1 -1 ...  4  5  6]
[0 0 0 ... 5 6 7] [-1 -1 -1 ...  4  5  6]
[0 0 0 ... 5 6 7] [-1 -1 -1 ...  4  5  6]
[0 0 0 ... 5 6 7] [-1 -1 -1 ...  4  5  6]
[0 0 0 ... 5 6 7] [-1 -1 -1 ...  4  5  6]
[0 0 0 ... 5 6 7] [-1 -1 -1 ...  4  5  6]
[0 0 0 ... 5 6 7] [-1 -1 -1 ...  4  5  6]
[0 0 0 ... 5 6 7] [-1 -1 -1 ...  4  5  6]
[0 0 0 ... 5 6 7] [-1 -1 -1 ...  4  5  6]
Arquivo salvo: /home/alexandreselani/Desktop/pytorch-ood/pytorch-ood/experimento_mnist_omniglot/Resultados OpenMax/alpha_10/epsilon_0.37/Resultados_grid_mnist_omniglot_tail_0_2000_eps_0.37_alpha_10.csv
[0 0 0 ... 0 0 0] [-1 -1 -1 ...  4  5  6]
[0 9 0 ... 5 6 7] [-1 -1 -1 ...  4  5  6]
[0 0 0 ... 5 6 7] [-1 -1 -1 ...  4  5  6]
[0 0 0 ... 5 6 7] [-1 -1 -1 ...  4  5  6]
[0 0 0 ... 5 6 7] [-1 -1 -1 ...  4  5  6]
[0 0 0 ... 5 6 7] [-1 -1 -1 ...  4  5  6]
[0 0 0 ... 5 6 7] [-1 -1 -1 ...  4  5  6]
[0 0 0 ... 5 6 7] [-1 -1 -1 ...  4  5  6]
[0 0 0 ... 5 6 7] [-1 -1 -1 ...  4  5  6]
[0 0 0 ... 5 6 7] [-1 -1 -1 ...  4  5  6]
[0 0 0 ... 5 6 7] [-1 -1 -1 ...  4  5  6]
[0 0 0 ... 5 6 7] [-1 -1 -1 ...  4  5  6]
[0 0 0 ... 5 6 7] [-1 -1 -1 ...  4  5  6]
[0 0 0 ... 5 6 7] [-1 -1 -1 ...  4  5  6]
[0 0 0 ... 5 6 7] [-1 -1 -1 ...  4  5  6]
[0 0 0 ... 5 6 7] [-1 -1 -1 ...  4  5  6]
[0 0 0 ... 5 6 7] [-1 -1 -1 ...  4  5  6]
[0 0 0 ... 5 6 7] [-1 -1 -1 ...  4  5  6]
[0 0 0 ... 5 6 7] [-1 -1 -1 ...  4  5  6]
[0 0 0 ... 5 6 7] [-1 -1 -1 ...  4  5  6]
[0 0 0 ... 5 6 7] [-1 -1 -1 ...  4  5  6]
Arquivo salvo: /home/alexandreselani/Desktop/pytorch-ood/pytorch-ood/experimento_mnist_omniglot/Resultados OpenMax/alpha_10/epsilon_0.4/Resultados_grid_mnist_omniglot_tail_0_2000_eps_0.4_alpha_10.csv
